# JRE version: OpenJDK Runtime Environment (8.0_131-b11) (build 1.8.0_131-8u131-b11-0ubuntu1.16.04.2-b11)
# Java VM: OpenJDK 64-Bit Server VM (25.131-b11 mixed mode linux-amd64 compressed oops)
Heap:
 PSYoungGen      total 508928K, used 400K [0x00000000d7100000, 0x00000000f6400000, 0x0000000100000000)
  eden space 506880K, 0% used [0x00000000d7100000,0x00000000d7100000,0x00000000f6000000)
  from space 2048K, 19% used [0x00000000f6000000,0x00000000f6064350,0x00000000f6200000)
  to   space 2048K, 0% used [0x00000000f6200000,0x00000000f6200000,0x00000000f6400000)
 ParOldGen       total 84992K, used 1419K [0x0000000085200000, 0x000000008a500000, 0x00000000d7100000)
  object space 84992K, 1% used [0x0000000085200000,0x0000000085362e58,0x000000008a500000)
 Metaspace       used 5962K, capacity 6058K, committed 6400K, reserved 1056768K
  class space    used 632K, capacity 657K, committed 768K, reserved 1048576K
GC Heap History (10 events):
Event: 1.426 GC heap after
Heap after GC invocations=4 (full 0):
 PSYoungGen      total 132096K, used 1267K [0x00000000d7100000, 0x00000000df700000, 0x0000000100000000)
  eden space 126976K, 0% used [0x00000000d7100000,0x00000000d7100000,0x00000000ded00000)
  from space 5120K, 24% used [0x00000000df200000,0x00000000df33ce28,0x00000000df700000)
  to   space 5120K, 0% used [0x00000000ded00000,0x00000000ded00000,0x00000000df200000)
 ParOldGen       total 84992K, used 24K [0x0000000085200000, 0x000000008a500000, 0x00000000d7100000)
  object space 84992K, 0% used [0x0000000085200000,0x0000000085206000,0x000000008a500000)
 Metaspace       used 5962K, capacity 6058K, committed 6400K, reserved 1056768K
  class space    used 632K, capacity 657K, committed 768K, reserved 1048576K
}
Event: 1.716 GC heap before
{Heap before GC invocations=5 (full 0):
 PSYoungGen      total 132096K, used 128243K [0x00000000d7100000, 0x00000000df700000, 0x0000000100000000)
  eden space 126976K, 100% used [0x00000000d7100000,0x00000000ded00000,0x00000000ded00000)
  from space 5120K, 24% used [0x00000000df200000,0x00000000df33ce28,0x00000000df700000)
  to   space 5120K, 0% used [0x00000000ded00000,0x00000000ded00000,0x00000000df200000)
 ParOldGen       total 84992K, used 24K [0x0000000085200000, 0x000000008a500000, 0x00000000d7100000)
  object space 84992K, 0% used [0x0000000085200000,0x0000000085206000,0x000000008a500000)
 Metaspace       used 5962K, capacity 6058K, committed 6400K, reserved 1056768K
  class space    used 632K, capacity 657K, committed 768K, reserved 1048576K
Event: 1.725 GC heap after
Heap after GC invocations=5 (full 0):
 PSYoungGen      total 132096K, used 1363K [0x00000000d7100000, 0x00000000e6c00000, 0x0000000100000000)
  eden space 126976K, 0% used [0x00000000d7100000,0x00000000d7100000,0x00000000ded00000)
  from space 5120K, 26% used [0x00000000ded00000,0x00000000dee54e08,0x00000000df200000)
  to   space 1536K, 0% used [0x00000000e6a80000,0x00000000e6a80000,0x00000000e6c00000)
 ParOldGen       total 84992K, used 32K [0x0000000085200000, 0x000000008a500000, 0x00000000d7100000)
  object space 84992K, 0% used [0x0000000085200000,0x0000000085208000,0x000000008a500000)
 Metaspace       used 5962K, capacity 6058K, committed 6400K, reserved 1056768K
  class space    used 632K, capacity 657K, committed 768K, reserved 1048576K
}
Event: 1.785 GC heap before
{Heap before GC invocations=6 (full 0):
 PSYoungGen      total 132096K, used 128339K [0x00000000d7100000, 0x00000000e6c00000, 0x0000000100000000)
  eden space 126976K, 100% used [0x00000000d7100000,0x00000000ded00000,0x00000000ded00000)
  from space 5120K, 26% used [0x00000000ded00000,0x00000000dee54e08,0x00000000df200000)
  to   space 1536K, 0% used [0x00000000e6a80000,0x00000000e6a80000,0x00000000e6c00000)
 ParOldGen       total 84992K, used 32K [0x0000000085200000, 0x000000008a500000, 0x00000000d7100000)
  object space 84992K, 0% used [0x0000000085200000,0x0000000085208000,0x000000008a500000)
 Metaspace       used 5962K, capacity 6058K, committed 6400K, reserved 1056768K
  class space    used 632K, capacity 657K, committed 768K, reserved 1048576K
Event: 1.828 GC heap after
Heap after GC invocations=6 (full 0):
 PSYoungGen      total 254976K, used 1491K [0x00000000d7100000, 0x00000000e6d00000, 0x0000000100000000)
  eden space 253440K, 0% used [0x00000000d7100000,0x00000000d7100000,0x00000000e6880000)
  from space 1536K, 97% used [0x00000000e6a80000,0x00000000e6bf4e08,0x00000000e6c00000)
  to   space 2048K, 0% used [0x00000000e6880000,0x00000000e6880000,0x00000000e6a80000)
 ParOldGen       total 84992K, used 40K [0x0000000085200000, 0x000000008a500000, 0x00000000d7100000)
  object space 84992K, 0% used [0x0000000085200000,0x000000008520a000,0x000000008a500000)
 Metaspace       used 5962K, capacity 6058K, committed 6400K, reserved 1056768K
  class space    used 632K, capacity 657K, committed 768K, reserved 1048576K
}
Event: 3.349 GC heap before
{Heap before GC invocations=7 (full 0):
 PSYoungGen      total 254976K, used 254931K [0x00000000d7100000, 0x00000000e6d00000, 0x0000000100000000)
  eden space 253440K, 100% used [0x00000000d7100000,0x00000000e6880000,0x00000000e6880000)
  from space 1536K, 97% used [0x00000000e6a80000,0x00000000e6bf4e08,0x00000000e6c00000)
  to   space 2048K, 0% used [0x00000000e6880000,0x00000000e6880000,0x00000000e6a80000)
 ParOldGen       total 84992K, used 40K [0x0000000085200000, 0x000000008a500000, 0x00000000d7100000)
  object space 84992K, 0% used [0x0000000085200000,0x000000008520a000,0x000000008a500000)
 Metaspace       used 5962K, capacity 6058K, committed 6400K, reserved 1056768K
  class space    used 632K, capacity 657K, committed 768K, reserved 1048576K
Event: 3.351 GC heap after
Heap after GC invocations=7 (full 0):
 PSYoungGen      total 255488K, used 464K [0x00000000d7100000, 0x00000000f6400000, 0x0000000100000000)
  eden space 253440K, 0% used [0x00000000d7100000,0x00000000d7100000,0x00000000e6880000)
  from space 2048K, 22% used [0x00000000e6880000,0x00000000e68f4120,0x00000000e6a80000)
  to   space 2048K, 0% used [0x00000000f6200000,0x00000000f6200000,0x00000000f6400000)
 ParOldGen       total 84992K, used 1179K [0x0000000085200000, 0x000000008a500000, 0x00000000d7100000)
  object space 84992K, 1% used [0x0000000085200000,0x0000000085326e58,0x000000008a500000)
 Metaspace       used 5962K, capacity 6058K, committed 6400K, reserved 1056768K
  class space    used 632K, capacity 657K, committed 768K, reserved 1048576K
}
Event: 3.508 GC heap before
{Heap before GC invocations=8 (full 0):
 PSYoungGen      total 255488K, used 253904K [0x00000000d7100000, 0x00000000f6400000, 0x0000000100000000)
  eden space 253440K, 100% used [0x00000000d7100000,0x00000000e6880000,0x00000000e6880000)
  from space 2048K, 22% used [0x00000000e6880000,0x00000000e68f4120,0x00000000e6a80000)
  to   space 2048K, 0% used [0x00000000f6200000,0x00000000f6200000,0x00000000f6400000)
 ParOldGen       total 84992K, used 1179K [0x0000000085200000, 0x000000008a500000, 0x00000000d7100000)
  object space 84992K, 1% used [0x0000000085200000,0x0000000085326e58,0x000000008a500000)
 Metaspace       used 5962K, capacity 6058K, committed 6400K, reserved 1056768K
  class space    used 632K, capacity 657K, committed 768K, reserved 1048576K
Event: 3.541 GC heap after
Heap after GC invocations=8 (full 0):
 PSYoungGen      total 508928K, used 432K [0x00000000d7100000, 0x00000000f6400000, 0x0000000100000000)
  eden space 506880K, 0% used [0x00000000d7100000,0x00000000d7100000,0x00000000f6000000)
  from space 2048K, 21% used [0x00000000f6200000,0x00000000f626c120,0x00000000f6400000)
  to   space 2048K, 0% used [0x00000000f6000000,0x00000000f6000000,0x00000000f6200000)
 ParOldGen       total 84992K, used 1291K [0x0000000085200000, 0x000000008a500000, 0x00000000d7100000)
  object space 84992K, 1% used [0x0000000085200000,0x0000000085342e58,0x000000008a500000)
 Metaspace       used 5962K, capacity 6058K, committed 6400K, reserved 1056768K
  class space    used 632K, capacity 657K, committed 768K, reserved 1048576K
}
Event: 4.777 GC heap before
{Heap before GC invocations=9 (full 0):
 PSYoungGen      total 508928K, used 507312K [0x00000000d7100000, 0x00000000f6400000, 0x0000000100000000)
  eden space 506880K, 100% used [0x00000000d7100000,0x00000000f6000000,0x00000000f6000000)
  from space 2048K, 21% used [0x00000000f6200000,0x00000000f626c120,0x00000000f6400000)
  to   space 2048K, 0% used [0x00000000f6000000,0x00000000f6000000,0x00000000f6200000)
 ParOldGen       total 84992K, used 1291K [0x0000000085200000, 0x000000008a500000, 0x00000000d7100000)
  object space 84992K, 1% used [0x0000000085200000,0x0000000085342e58,0x000000008a500000)
 Metaspace       used 5962K, capacity 6058K, committed 6400K, reserved 1056768K
  class space    used 632K, capacity 657K, committed 768K, reserved 1048576K

