# JRE version: OpenJDK Runtime Environment (8.0_131-b11) (build 1.8.0_131-8u131-b11-0ubuntu1.16.04.2-b11)
# Java VM: OpenJDK 64-Bit Server VM (25.131-b11 mixed mode linux-amd64 compressed oops)
Heap:
 PSYoungGen      total 508928K, used 472K [0x00000000d7100000, 0x00000000f6400000, 0x0000000100000000)
  eden space 506880K, 0% used [0x00000000d7100000,0x00000000d7100000,0x00000000f6000000)
  from space 2048K, 23% used [0x00000000f6000000,0x00000000f60761a8,0x00000000f6200000)
  to   space 2048K, 0% used [0x00000000f6200000,0x00000000f6200000,0x00000000f6400000)
 ParOldGen       total 84992K, used 1375K [0x0000000085200000, 0x000000008a500000, 0x00000000d7100000)
  object space 84992K, 1% used [0x0000000085200000,0x0000000085357e68,0x000000008a500000)
 Metaspace       used 5955K, capacity 6058K, committed 6400K, reserved 1056768K
  class space    used 632K, capacity 657K, committed 768K, reserved 1048576K
GC Heap History (10 events):
Event: 0.524 GC heap after
Heap after GC invocations=4 (full 0):
 PSYoungGen      total 132096K, used 1296K [0x00000000d7100000, 0x00000000df700000, 0x0000000100000000)
  eden space 126976K, 0% used [0x00000000d7100000,0x00000000d7100000,0x00000000ded00000)
  from space 5120K, 25% used [0x00000000df200000,0x00000000df344010,0x00000000df700000)
  to   space 5120K, 0% used [0x00000000ded00000,0x00000000ded00000,0x00000000df200000)
 ParOldGen       total 84992K, used 16K [0x0000000085200000, 0x000000008a500000, 0x00000000d7100000)
  object space 84992K, 0% used [0x0000000085200000,0x0000000085204000,0x000000008a500000)
 Metaspace       used 5955K, capacity 6058K, committed 6400K, reserved 1056768K
  class space    used 632K, capacity 657K, committed 768K, reserved 1048576K
}
Event: 0.743 GC heap before
{Heap before GC invocations=5 (full 0):
 PSYoungGen      total 132096K, used 128272K [0x00000000d7100000, 0x00000000df700000, 0x0000000100000000)
  eden space 126976K, 100% used [0x00000000d7100000,0x00000000ded00000,0x00000000ded00000)
  from space 5120K, 25% used [0x00000000df200000,0x00000000df344010,0x00000000df700000)
  to   space 5120K, 0% used [0x00000000ded00000,0x00000000ded00000,0x00000000df200000)
 ParOldGen       total 84992K, used 16K [0x0000000085200000, 0x000000008a500000, 0x00000000d7100000)
  object space 84992K, 0% used [0x0000000085200000,0x0000000085204000,0x000000008a500000)
 Metaspace       used 5955K, capacity 6058K, committed 6400K, reserved 1056768K
  class space    used 632K, capacity 657K, committed 768K, reserved 1048576K
Event: 0.774 GC heap after
Heap after GC invocations=5 (full 0):
 PSYoungGen      total 132096K, used 1408K [0x00000000d7100000, 0x00000000e6c00000, 0x0000000100000000)
  eden space 126976K, 0% used [0x00000000d7100000,0x00000000d7100000,0x00000000ded00000)
  from space 5120K, 27% used [0x00000000ded00000,0x00000000dee60000,0x00000000df200000)
  to   space 1536K, 0% used [0x00000000e6a80000,0x00000000e6a80000,0x00000000e6c00000)
 ParOldGen       total 84992K, used 24K [0x0000000085200000, 0x000000008a500000, 0x00000000d7100000)
  object space 84992K, 0% used [0x0000000085200000,0x0000000085206000,0x000000008a500000)
 Metaspace       used 5955K, capacity 6058K, committed 6400K, reserved 1056768K
  class space    used 632K, capacity 657K, committed 768K, reserved 1048576K
}
Event: 0.922 GC heap before
{Heap before GC invocations=6 (full 0):
 PSYoungGen      total 132096K, used 128384K [0x00000000d7100000, 0x00000000e6c00000, 0x0000000100000000)
  eden space 126976K, 100% used [0x00000000d7100000,0x00000000ded00000,0x00000000ded00000)
  from space 5120K, 27% used [0x00000000ded00000,0x00000000dee60000,0x00000000df200000)
  to   space 1536K, 0% used [0x00000000e6a80000,0x00000000e6a80000,0x00000000e6c00000)
 ParOldGen       total 84992K, used 24K [0x0000000085200000, 0x000000008a500000, 0x00000000d7100000)
  object space 84992K, 0% used [0x0000000085200000,0x0000000085206000,0x000000008a500000)
 Metaspace       used 5955K, capacity 6058K, committed 6400K, reserved 1056768K
  class space    used 632K, capacity 657K, committed 768K, reserved 1048576K
Event: 0.956 GC heap after
Heap after GC invocations=6 (full 0):
 PSYoungGen      total 254976K, used 1456K [0x00000000d7100000, 0x00000000e6d00000, 0x0000000100000000)
  eden space 253440K, 0% used [0x00000000d7100000,0x00000000d7100000,0x00000000e6880000)
  from space 1536K, 94% used [0x00000000e6a80000,0x00000000e6bec010,0x00000000e6c00000)
  to   space 2048K, 0% used [0x00000000e6880000,0x00000000e6880000,0x00000000e6a80000)
 ParOldGen       total 84992K, used 24K [0x0000000085200000, 0x000000008a500000, 0x00000000d7100000)
  object space 84992K, 0% used [0x0000000085200000,0x0000000085206000,0x000000008a500000)
 Metaspace       used 5955K, capacity 6058K, committed 6400K, reserved 1056768K
  class space    used 632K, capacity 657K, committed 768K, reserved 1048576K
}
Event: 1.729 GC heap before
{Heap before GC invocations=7 (full 0):
 PSYoungGen      total 254976K, used 254896K [0x00000000d7100000, 0x00000000e6d00000, 0x0000000100000000)
  eden space 253440K, 100% used [0x00000000d7100000,0x00000000e6880000,0x00000000e6880000)
  from space 1536K, 94% used [0x00000000e6a80000,0x00000000e6bec010,0x00000000e6c00000)
  to   space 2048K, 0% used [0x00000000e6880000,0x00000000e6880000,0x00000000e6a80000)
 ParOldGen       total 84992K, used 24K [0x0000000085200000, 0x000000008a500000, 0x00000000d7100000)
  object space 84992K, 0% used [0x0000000085200000,0x0000000085206000,0x000000008a500000)
 Metaspace       used 5955K, capacity 6058K, committed 6400K, reserved 1056768K
  class space    used 632K, capacity 657K, committed 768K, reserved 1048576K
Event: 1.733 GC heap after
Heap after GC invocations=7 (full 0):
 PSYoungGen      total 255488K, used 400K [0x00000000d7100000, 0x00000000f6400000, 0x0000000100000000)
  eden space 253440K, 0% used [0x00000000d7100000,0x00000000d7100000,0x00000000e6880000)
  from space 2048K, 19% used [0x00000000e6880000,0x00000000e68e4120,0x00000000e6a80000)
  to   space 2048K, 0% used [0x00000000f6200000,0x00000000f6200000,0x00000000f6400000)
 ParOldGen       total 84992K, used 1159K [0x0000000085200000, 0x000000008a500000, 0x00000000d7100000)
  object space 84992K, 1% used [0x0000000085200000,0x0000000085321e68,0x000000008a500000)
 Metaspace       used 5955K, capacity 6058K, committed 6400K, reserved 1056768K
  class space    used 632K, capacity 657K, committed 768K, reserved 1048576K
}
Event: 1.984 GC heap before
{Heap before GC invocations=8 (full 0):
 PSYoungGen      total 255488K, used 253840K [0x00000000d7100000, 0x00000000f6400000, 0x0000000100000000)
  eden space 253440K, 100% used [0x00000000d7100000,0x00000000e6880000,0x00000000e6880000)
  from space 2048K, 19% used [0x00000000e6880000,0x00000000e68e4120,0x00000000e6a80000)
  to   space 2048K, 0% used [0x00000000f6200000,0x00000000f6200000,0x00000000f6400000)
 ParOldGen       total 84992K, used 1159K [0x0000000085200000, 0x000000008a500000, 0x00000000d7100000)
  object space 84992K, 1% used [0x0000000085200000,0x0000000085321e68,0x000000008a500000)
 Metaspace       used 5955K, capacity 6058K, committed 6400K, reserved 1056768K
  class space    used 632K, capacity 657K, committed 768K, reserved 1048576K
Event: 1.997 GC heap after
Heap after GC invocations=8 (full 0):
 PSYoungGen      total 508928K, used 416K [0x00000000d7100000, 0x00000000f6400000, 0x0000000100000000)
  eden space 506880K, 0% used [0x00000000d7100000,0x00000000d7100000,0x00000000f6000000)
  from space 2048K, 20% used [0x00000000f6200000,0x00000000f6268000,0x00000000f6400000)
  to   space 2048K, 0% used [0x00000000f6000000,0x00000000f6000000,0x00000000f6200000)
 ParOldGen       total 84992K, used 1255K [0x0000000085200000, 0x000000008a500000, 0x00000000d7100000)
  object space 84992K, 1% used [0x0000000085200000,0x0000000085339e68,0x000000008a500000)
 Metaspace       used 5955K, capacity 6058K, committed 6400K, reserved 1056768K
  class space    used 632K, capacity 657K, committed 768K, reserved 1048576K
}
Event: 3.933 GC heap before
{Heap before GC invocations=9 (full 0):
 PSYoungGen      total 508928K, used 507296K [0x00000000d7100000, 0x00000000f6400000, 0x0000000100000000)
  eden space 506880K, 100% used [0x00000000d7100000,0x00000000f6000000,0x00000000f6000000)
  from space 2048K, 20% used [0x00000000f6200000,0x00000000f6268000,0x00000000f6400000)
  to   space 2048K, 0% used [0x00000000f6000000,0x00000000f6000000,0x00000000f6200000)
 ParOldGen       total 84992K, used 1255K [0x0000000085200000, 0x000000008a500000, 0x00000000d7100000)
  object space 84992K, 1% used [0x0000000085200000,0x0000000085339e68,0x000000008a500000)
 Metaspace       used 5955K, capacity 6058K, committed 6400K, reserved 1056768K
  class space    used 632K, capacity 657K, committed 768K, reserved 1048576K

