# JRE version: OpenJDK Runtime Environment (7.0_95) (build 1.7.0_95-b00)
# Java VM: OpenJDK 64-Bit Server VM (24.95-b01 mixed mode linux-amd64 compressed oops)
Heap
 PSYoungGen      total 256512K, used 688K [0x00000007d7080000, 0x00000007e6e80000, 0x0000000800000000)
  eden space 253440K, 0% used [0x00000007d7080000,0x00000007d7080000,0x00000007e6800000)
  from space 3072K, 22% used [0x00000007e6800000,0x00000007e68ac010,0x00000007e6b00000)
  to   space 2560K, 0% used [0x00000007e6b00000,0x00000007e6b00000,0x00000007e6d80000)
 ParOldGen       total 83456K, used 1382K [0x0000000785200000, 0x000000078a380000, 0x00000007d7080000)
  object space 83456K, 1% used [0x0000000785200000,0x0000000785359938,0x000000078a380000)
 PSPermGen       total 21504K, used 6173K [0x000000077ac00000, 0x000000077c100000, 0x0000000785200000)
  object space 21504K, 28% used [0x000000077ac00000,0x000000077b207528,0x000000077c100000)
GC Heap History (10 events):
Event: 1.370 GC heap after
Heap after GC invocations=2 (full 0):
 PSYoungGen      total 68608K, used 2304K [0x00000007d7080000, 0x00000007db880000, 0x0000000800000000)
  eden space 63488K, 0% used [0x00000007d7080000,0x00000007d7080000,0x00000007dae80000)
  from space 5120K, 45% used [0x00000007db380000,0x00000007db5c0030,0x00000007db880000)
  to   space 5120K, 0% used [0x00000007dae80000,0x00000007dae80000,0x00000007db380000)
 ParOldGen       total 83456K, used 16K [0x0000000785200000, 0x000000078a380000, 0x00000007d7080000)
  object space 83456K, 0% used [0x0000000785200000,0x0000000785204000,0x000000078a380000)
 PSPermGen       total 21504K, used 6115K [0x000000077ac00000, 0x000000077c100000, 0x0000000785200000)
  object space 21504K, 28% used [0x000000077ac00000,0x000000077b1f8e78,0x000000077c100000)
}
Event: 1.684 GC heap before
{Heap before GC invocations=3 (full 0):
 PSYoungGen      total 68608K, used 65792K [0x00000007d7080000, 0x00000007db880000, 0x0000000800000000)
  eden space 63488K, 100% used [0x00000007d7080000,0x00000007dae80000,0x00000007dae80000)
  from space 5120K, 45% used [0x00000007db380000,0x00000007db5c0030,0x00000007db880000)
  to   space 5120K, 0% used [0x00000007dae80000,0x00000007dae80000,0x00000007db380000)
 ParOldGen       total 83456K, used 16K [0x0000000785200000, 0x000000078a380000, 0x00000007d7080000)
  object space 83456K, 0% used [0x0000000785200000,0x0000000785204000,0x000000078a380000)
 PSPermGen       total 21504K, used 6122K [0x000000077ac00000, 0x000000077c100000, 0x0000000785200000)
  object space 21504K, 28% used [0x000000077ac00000,0x000000077b1fa880,0x000000077c100000)
Event: 1.696 GC heap after
Heap after GC invocations=3 (full 0):
 PSYoungGen      total 68608K, used 2336K [0x00000007d7080000, 0x00000007df680000, 0x0000000800000000)
  eden space 63488K, 0% used [0x00000007d7080000,0x00000007d7080000,0x00000007dae80000)
  from space 5120K, 45% used [0x00000007dae80000,0x00000007db0c8010,0x00000007db380000)
  to   space 5120K, 0% used [0x00000007df180000,0x00000007df180000,0x00000007df680000)
 ParOldGen       total 83456K, used 24K [0x0000000785200000, 0x000000078a380000, 0x00000007d7080000)
  object space 83456K, 0% used [0x0000000785200000,0x0000000785206000,0x000000078a380000)
 PSPermGen       total 21504K, used 6122K [0x000000077ac00000, 0x000000077c100000, 0x0000000785200000)
  object space 21504K, 28% used [0x000000077ac00000,0x000000077b1fa880,0x000000077c100000)
}
Event: 1.863 GC heap before
{Heap before GC invocations=4 (full 0):
 PSYoungGen      total 68608K, used 65824K [0x00000007d7080000, 0x00000007df680000, 0x0000000800000000)
  eden space 63488K, 100% used [0x00000007d7080000,0x00000007dae80000,0x00000007dae80000)
  from space 5120K, 45% used [0x00000007dae80000,0x00000007db0c8010,0x00000007db380000)
  to   space 5120K, 0% used [0x00000007df180000,0x00000007df180000,0x00000007df680000)
 ParOldGen       total 83456K, used 24K [0x0000000785200000, 0x000000078a380000, 0x00000007d7080000)
  object space 83456K, 0% used [0x0000000785200000,0x0000000785206000,0x000000078a380000)
 PSPermGen       total 21504K, used 6134K [0x000000077ac00000, 0x000000077c100000, 0x0000000785200000)
  object space 21504K, 28% used [0x000000077ac00000,0x000000077b1fda40,0x000000077c100000)
Event: 1.909 GC heap after
Heap after GC invocations=4 (full 0):
 PSYoungGen      total 132096K, used 2416K [0x00000007d7080000, 0x00000007df680000, 0x0000000800000000)
  eden space 126976K, 0% used [0x00000007d7080000,0x00000007d7080000,0x00000007dec80000)
  from space 5120K, 47% used [0x00000007df180000,0x00000007df3dc040,0x00000007df680000)
  to   space 5120K, 0% used [0x00000007dec80000,0x00000007dec80000,0x00000007df180000)
 ParOldGen       total 83456K, used 32K [0x0000000785200000, 0x000000078a380000, 0x00000007d7080000)
  object space 83456K, 0% used [0x0000000785200000,0x0000000785208000,0x000000078a380000)
 PSPermGen       total 21504K, used 6134K [0x000000077ac00000, 0x000000077c100000, 0x0000000785200000)
  object space 21504K, 28% used [0x000000077ac00000,0x000000077b1fda40,0x000000077c100000)
}
Event: 2.686 GC heap before
{Heap before GC invocations=5 (full 0):
 PSYoungGen      total 132096K, used 129392K [0x00000007d7080000, 0x00000007df680000, 0x0000000800000000)
  eden space 126976K, 100% used [0x00000007d7080000,0x00000007dec80000,0x00000007dec80000)
  from space 5120K, 47% used [0x00000007df180000,0x00000007df3dc040,0x00000007df680000)
  to   space 5120K, 0% used [0x00000007dec80000,0x00000007dec80000,0x00000007df180000)
 ParOldGen       total 83456K, used 32K [0x0000000785200000, 0x000000078a380000, 0x00000007d7080000)
  object space 83456K, 0% used [0x0000000785200000,0x0000000785208000,0x000000078a380000)
 PSPermGen       total 21504K, used 6151K [0x000000077ac00000, 0x000000077c100000, 0x0000000785200000)
  object space 21504K, 28% used [0x000000077ac00000,0x000000077b201fb0,0x000000077c100000)
Event: 2.723 GC heap after
Heap after GC invocations=5 (full 0):
 PSYoungGen      total 132096K, used 2384K [0x00000007d7080000, 0x00000007e6d80000, 0x0000000800000000)
  eden space 126976K, 0% used [0x00000007d7080000,0x00000007d7080000,0x00000007dec80000)
  from space 5120K, 46% used [0x00000007dec80000,0x00000007deed4020,0x00000007df180000)
  to   space 2560K, 0% used [0x00000007e6b00000,0x00000007e6b00000,0x00000007e6d80000)
 ParOldGen       total 83456K, used 40K [0x0000000785200000, 0x000000078a380000, 0x00000007d7080000)
  object space 83456K, 0% used [0x0000000785200000,0x000000078520a000,0x000000078a380000)
 PSPermGen       total 21504K, used 6151K [0x000000077ac00000, 0x000000077c100000, 0x0000000785200000)
  object space 21504K, 28% used [0x000000077ac00000,0x000000077b201fb0,0x000000077c100000)
}
Event: 3.107 GC heap before
{Heap before GC invocations=6 (full 0):
 PSYoungGen      total 132096K, used 129360K [0x00000007d7080000, 0x00000007e6d80000, 0x0000000800000000)
  eden space 126976K, 100% used [0x00000007d7080000,0x00000007dec80000,0x00000007dec80000)
  from space 5120K, 46% used [0x00000007dec80000,0x00000007deed4020,0x00000007df180000)
  to   space 2560K, 0% used [0x00000007e6b00000,0x00000007e6b00000,0x00000007e6d80000)
 ParOldGen       total 83456K, used 40K [0x0000000785200000, 0x000000078a380000, 0x00000007d7080000)
  object space 83456K, 0% used [0x0000000785200000,0x000000078520a000,0x000000078a380000)
 PSPermGen       total 21504K, used 6157K [0x000000077ac00000, 0x000000077c100000, 0x0000000785200000)
  object space 21504K, 28% used [0x000000077ac00000,0x000000077b203428,0x000000077c100000)
Event: 3.118 GC heap after
Heap after GC invocations=6 (full 0):
 PSYoungGen      total 256000K, used 2528K [0x00000007d7080000, 0x00000007e6e80000, 0x0000000800000000)
  eden space 253440K, 0% used [0x00000007d7080000,0x00000007d7080000,0x00000007e6800000)
  from space 2560K, 98% used [0x00000007e6b00000,0x00000007e6d78010,0x00000007e6d80000)
  to   space 3072K, 0% used [0x00000007e6800000,0x00000007e6800000,0x00000007e6b00000)
 ParOldGen       total 83456K, used 96K [0x0000000785200000, 0x000000078a380000, 0x00000007d7080000)
  object space 83456K, 0% used [0x0000000785200000,0x0000000785218000,0x000000078a380000)
 PSPermGen       total 21504K, used 6157K [0x000000077ac00000, 0x000000077c100000, 0x0000000785200000)
  object space 21504K, 28% used [0x000000077ac00000,0x000000077b203428,0x000000077c100000)
}
Event: 4.460 GC heap before
{Heap before GC invocations=7 (full 0):
 PSYoungGen      total 256000K, used 255968K [0x00000007d7080000, 0x00000007e6e80000, 0x0000000800000000)
  eden space 253440K, 100% used [0x00000007d7080000,0x00000007e6800000,0x00000007e6800000)
  from space 2560K, 98% used [0x00000007e6b00000,0x00000007e6d78010,0x00000007e6d80000)
  to   space 3072K, 0% used [0x00000007e6800000,0x00000007e6800000,0x00000007e6b00000)
 ParOldGen       total 83456K, used 96K [0x0000000785200000, 0x000000078a380000, 0x00000007d7080000)
  object space 83456K, 0% used [0x0000000785200000,0x0000000785218000,0x000000078a380000)
 PSPermGen       total 21504K, used 6173K [0x000000077ac00000, 0x000000077c100000, 0x0000000785200000)
  object space 21504K, 28% used [0x000000077ac00000,0x000000077b207528,0x000000077c100000)

